<?xml version="1.0" encoding="UTF-8"?>
<!-- Generated by org.testng.reporters.JUnitReportReporter -->
<testsuite hostname="DESKTOP-6CROEQF" failures="0" tests="2" name="cucumber.TestNGTestRunner" time="21.188" errors="0" timestamp="2025-04-12T01:10:15 EDT" skipped="0">
  <testcase classname="cucumber.TestNGTestRunner" name="runScenario" time="10.352"/>
  <testcase classname="cucumber.TestNGTestRunner" name="runScenario" time="10.836"/>
</testsuite> <!-- cucumber.TestNGTestRunner -->
