<?xml version="1.0" encoding="UTF-8"?>
<!-- Generated by org.testng.reporters.JUnitReportReporter -->
<testsuite hostname="DESKTOP-6CROEQF" failures="0" tests="1" name="AutomationTestingPractice.ErrorValidationsTest" time="4.893" errors="0" timestamp="2025-04-18T18:22:05 EDT" skipped="0">
  <testcase classname="AutomationTestingPractice.ErrorValidationsTest" name="loginErrorValidation" time="4.893"/>
</testsuite> <!-- AutomationTestingPractice.ErrorValidationsTest -->
