<?xml version="1.0" encoding="UTF-8"?>
<!-- Generated by org.testng.reporters.JUnitReportReporter -->
<testsuite hostname="DESKTOP-6CROEQF" failures="0" tests="3" name="AutomationTestingPractice.SubmitOrderTest" time="25.006" errors="0" timestamp="2025-04-08T15:07:40 EDT" skipped="0">
  <testcase classname="AutomationTestingPractice.SubmitOrderTest" name="submitOrder" time="10.893"/>
  <testcase classname="AutomationTestingPractice.SubmitOrderTest" name="submitOrder" time="8.535"/>
  <testcase classname="AutomationTestingPractice.SubmitOrderTest" name="OrderHistoryTest" time="5.578"/>
</testsuite> <!-- AutomationTestingPractice.SubmitOrderTest -->
