<?xml version="1.0" encoding="UTF-8"?>
<!-- Generated by org.testng.reporters.JUnitReportReporter -->
<testsuite hostname="DESKTOP-6CROEQF" failures="0" tests="1" name="AutomationTestingPractice.ErrorValidations" time="5.109" errors="0" timestamp="2025-04-06T03:06:21 EDT" skipped="0">
  <testcase classname="AutomationTestingPractice.ErrorValidations" name="submitOrder" time="5.109"/>
</testsuite> <!-- AutomationTestingPractice.ErrorValidations -->
