<?xml version="1.0" encoding="UTF-8"?>
<!-- Generated by org.testng.reporters.JUnitReportReporter -->
<testsuite hostname="DESKTOP-6CROEQF" failures="0" tests="2" name="AutomationTestingPractice.ErrorValidationsTest" time="16.020" errors="0" timestamp="2025-04-09T01:42:17 EDT" skipped="0">
  <testcase classname="AutomationTestingPractice.ErrorValidationsTest" name="loginErrorValidation" time="6.650"/>
  <testcase classname="AutomationTestingPractice.ErrorValidationsTest" name="productErrorValidation" time="9.370"/>
</testsuite> <!-- AutomationTestingPractice.ErrorValidationsTest -->
