<?xml version="1.0" encoding="UTF-8"?>
<!-- Generated by org.testng.reporters.JUnitReportReporter -->
<testsuite hostname="DESKTOP-6CROEQF" failures="0" tests="3" name="AutomationTestingPractice.SubmitOrderTest" time="28.565" errors="0" timestamp="2025-04-09T01:42:17 EDT" skipped="0">
  <testcase classname="AutomationTestingPractice.SubmitOrderTest" name="submitOrder" time="10.660"/>
  <testcase classname="AutomationTestingPractice.SubmitOrderTest" name="OrderHistoryTest" time="7.117"/>
  <testcase classname="AutomationTestingPractice.SubmitOrderTest" name="submitOrder" time="10.788"/>
</testsuite> <!-- AutomationTestingPractice.SubmitOrderTest -->
