<?xml version="1.0" encoding="UTF-8"?>
<!-- Generated by org.testng.reporters.JUnitReportReporter -->
<testsuite hostname="DESKTOP-6CROEQF" failures="0" tests="2" name="cucumber.TestNGTestRunner" time="19.355" errors="0" timestamp="2025-04-12T01:27:59 EDT" skipped="0">
  <testcase classname="cucumber.TestNGTestRunner" name="runScenario" time="10.077"/>
  <testcase classname="cucumber.TestNGTestRunner" name="runScenario" time="9.278"/>
</testsuite> <!-- cucumber.TestNGTestRunner -->
